# JRE version: Java(TM) SE Runtime Environment (8.0-b129) (build 1.8.0-b129)
# Java VM: Java HotSpot(TM) Client VM (25.0-b69 mixed mode windows-x86 )
Heap:
 def new generation   total 8576K, used 6838K [0x03a00000, 0x04340000, 0x08f50000)
  eden space 7680K,  77% used [0x03a00000, 0x03fcd9e0, 0x04180000)
  from space 896K, 100% used [0x04260000, 0x04340000, 0x04340000)
  to   space 896K,   0% used [0x04180000, 0x04180000, 0x04260000)
 tenured generation   total 18880K, used 12713K [0x08f50000, 0x0a1c0000, 0x13a00000)
   the space 18880K,  67% used [0x08f50000, 0x09bba690, 0x09bba800, 0x0a1c0000)
 Metaspace       used 10484K, capacity 10560K, committed 10624K, reserved 10624K
GC Heap History (10 events):
Event: 12.134 GC heap before
{Heap before GC invocations=8 (full 0):
 def new generation   total 4928K, used 4927K [0x03a00000, 0x03f50000, 0x08f50000)
  eden space 4416K, 100% used [0x03a00000, 0x03e50000, 0x03e50000)
  from space 512K,  99% used [0x03e50000, 0x03ecfff8, 0x03ed0000)
  to   space 512K,   0% used [0x03ed0000, 0x03ed0000, 0x03f50000)
 tenured generation   total 10944K, used 8153K [0x08f50000, 0x09a00000, 0x13a00000)
   the space 10944K,  74% used [0x08f50000, 0x097467c0, 0x09746800, 0x09a00000)
 Metaspace       used 7220K, capacity 7283K, committed 7424K, reserved 7552K
Event: 12.140 GC heap after
Heap after GC invocations=9 (full 0):
 def new generation   total 4928K, used 512K [0x03a00000, 0x03f50000, 0x08f50000)
  eden space 4416K,   0% used [0x03a00000, 0x03a00000, 0x03e50000)
  from space 512K, 100% used [0x03ed0000, 0x03f50000, 0x03f50000)
  to   space 512K,   0% used [0x03e50000, 0x03e50000, 0x03ed0000)
 tenured generation   total 10944K, used 9004K [0x08f50000, 0x09a00000, 0x13a00000)
   the space 10944K,  82% used [0x08f50000, 0x0981b0d0, 0x0981b200, 0x09a00000)
 Metaspace       used 7220K, capacity 7283K, committed 7424K, reserved 7552K
}
Event: 12.685 GC heap before
{Heap before GC invocations=9 (full 0):
 def new generation   total 4928K, used 4298K [0x03a00000, 0x03f50000, 0x08f50000)
  eden space 4416K,  85% used [0x03a00000, 0x03db2860, 0x03e50000)
  from space 512K, 100% used [0x03ed0000, 0x03f50000, 0x03f50000)
  to   space 512K,   0% used [0x03e50000, 0x03e50000, 0x03ed0000)
 tenured generation   total 10944K, used 9004K [0x08f50000, 0x09a00000, 0x13a00000)
   the space 10944K,  82% used [0x08f50000, 0x0981b0d0, 0x0981b200, 0x09a00000)
 Metaspace       used 7694K, capacity 7776K, committed 7808K, reserved 8576K
Event: 12.690 GC heap after
Heap after GC invocations=10 (full 0):
 def new generation   total 4928K, used 439K [0x03a00000, 0x03f50000, 0x08f50000)
  eden space 4416K,   0% used [0x03a00000, 0x03a00000, 0x03e50000)
  from space 512K,  85% used [0x03e50000, 0x03ebdc60, 0x03ed0000)
  to   space 512K,   0% used [0x03ed0000, 0x03ed0000, 0x03f50000)
 tenured generation   total 10944K, used 9513K [0x08f50000, 0x09a00000, 0x13a00000)
   the space 10944K,  86% used [0x08f50000, 0x0989a6c8, 0x0989a800, 0x09a00000)
 Metaspace       used 7694K, capacity 7776K, committed 7808K, reserved 8576K
}
Event: 15.734 GC heap before
{Heap before GC invocations=10 (full 0):
 def new generation   total 4928K, used 4855K [0x03a00000, 0x03f50000, 0x08f50000)
  eden space 4416K, 100% used [0x03a00000, 0x03e50000, 0x03e50000)
  from space 512K,  85% used [0x03e50000, 0x03ebdc60, 0x03ed0000)
  to   space 512K,   0% used [0x03ed0000, 0x03ed0000, 0x03f50000)
 tenured generation   total 10944K, used 9513K [0x08f50000, 0x09a00000, 0x13a00000)
   the space 10944K,  86% used [0x08f50000, 0x0989a6c8, 0x0989a800, 0x09a00000)
 Metaspace       used 8593K, capacity 8640K, committed 8704K, reserved 9600K
Event: 15.741 GC heap after
Heap after GC invocations=11 (full 0):
 def new generation   total 4928K, used 267K [0x03a00000, 0x03f50000, 0x08f50000)
  eden space 4416K,   0% used [0x03a00000, 0x03a00000, 0x03e50000)
  from space 512K,  52% used [0x03ed0000, 0x03f12c38, 0x03f50000)
  to   space 512K,   0% used [0x03e50000, 0x03e50000, 0x03ed0000)
 tenured generation   total 10944K, used 10828K [0x08f50000, 0x09a00000, 0x13a00000)
   the space 10944K,  98% used [0x08f50000, 0x099e3108, 0x099e3200, 0x09a00000)
 Metaspace       used 8593K, capacity 8640K, committed 8704K, reserved 9600K
}
Event: 16.859 GC heap before
{Heap before GC invocations=11 (full 0):
 def new generation   total 4928K, used 4683K [0x03a00000, 0x03f50000, 0x08f50000)
  eden space 4416K, 100% used [0x03a00000, 0x03e50000, 0x03e50000)
  from space 512K,  52% used [0x03ed0000, 0x03f12c38, 0x03f50000)
  to   space 512K,   0% used [0x03e50000, 0x03e50000, 0x03ed0000)
 tenured generation   total 10944K, used 10828K [0x08f50000, 0x09a00000, 0x13a00000)
   the space 10944K,  98% used [0x08f50000, 0x099e3108, 0x099e3200, 0x09a00000)
 Metaspace       used 9417K, capacity 9472K, committed 9600K, reserved 9600K
Event: 16.909 GC heap after
Heap after GC invocations=12 (full 1):
 def new generation   total 8576K, used 21K [0x03a00000, 0x04340000, 0x08f50000)
  eden space 7680K,   0% used [0x03a00000, 0x03a05620, 0x04180000)
  from space 896K,   0% used [0x04180000, 0x04180000, 0x04260000)
  to   space 896K,   0% used [0x04260000, 0x04260000, 0x04340000)
 tenured generation   total 18880K, used 11327K [0x08f50000, 0x0a1c0000, 0x13a00000)
   the space 18880K,  59% used [0x08f50000, 0x09a5fff8, 0x09a60000, 0x0a1c0000)
 Metaspace       used 9417K, capacity 9472K, committed 9600K, reserved 9600K
}
Event: 17.915 GC heap before
{Heap before GC invocations=12 (full 1):
 def new generation   total 8576K, used 7278K [0x03a00000, 0x04340000, 0x08f50000)
  eden space 7680K,  94% used [0x03a00000, 0x0411b810, 0x04180000)
  from space 896K,   0% used [0x04180000, 0x04180000, 0x04260000)
  to   space 896K,   0% used [0x04260000, 0x04260000, 0x04340000)
 tenured generation   total 18880K, used 11327K [0x08f50000, 0x0a1c0000, 0x13a00000)
   the space 18880K,  59% used [0x08f50000, 0x09a5fff8, 0x09a60000, 0x0a1c0000)
 Metaspace       used 10083K, capacity 10144K, committed 10240K, reserved 10624K
Event: 17.950 GC heap after
Heap after GC invocations=13 (full 1):
 def new generation   total 8576K, used 896K [0x03a00000, 0x04340000, 0x08f50000)
  eden space 7680K,   0% used [0x03a00000, 0x03a00000, 0x04180000)
  from space 896K, 100% used [0x04260000, 0x04340000, 0x04340000)
  to   space 896K,   0% used [0x04180000, 0x04180000, 0x04260000)
 tenured generation   total 18880K, used 12713K [0x08f50000, 0x0a1c0000, 0x13a00000)
   the space 18880K,  67% used [0x08f50000, 0x09bba690, 0x09bba800, 0x0a1c0000)
 Metaspace       used 10083K, capacity 10144K, committed 10240K, reserved 10624K
}

